Ansys Lumerical 2022 R2.4 FDTD Solver Version 8.28.3216 (Windows 64bit)
 expires (month/day/year): Permanent
using config file: Ansys Licensing set with ANSYSLMD_LICENSE_FILE
license host: 1055@169.229.34.87
current time: Thu Aug 7 11:34:35 2025
Running on host: fermi
host available memory (GB): 248.256643
All processes are communicating and ready to proceed to simulation...
Running fsp file: C:\Program Files\Lumerical\v222\bin\fdtd-engine-msmpi.exe -t 1 -remote -shared-solve-license QU5TWVNfTElDRU5TSU5HX0NPTlRFWFRfREFUQT08QU5TWVNfTElDRU5TSU5HX0NPTlRFWFRfREFUQT48SUQ+MTQ1NzU1OGMtOGRiMS00YWZmLWEzY2YtMGNmOTJjODA2NTMxPC9JRD48VFlQRT5BUFBfREVGSU5FRDwvVFlQRT48TkFNRT5sdW1fc3RhbmRhcmRfc29sdmVfc2hhcmU8L05BTUU+PEhBTkRMRVI+NTg3NTZAZmVybWkuZWVjcy5iZXJrZWxleS5lZHU8L0hBTkRMRVI+PC9BTlNZU19MSUNFTlNJTkdfQ09OVEVYVF9EQVRBPgo= F:/Neekon/233-gc-tutorial/gc.fsp
Starting meshing
Simulation size in gridpoints: 1 x 60 x 1
Refined 0 mesh cells (0%)
Completed meshing!
Meshing complete in 0 seconds of CPU time
Starting meshing
Simulation size in gridpoints: 1 x 60 x 1
Refined 0 mesh cells (0%)
Completed meshing!
Meshing complete in 0 seconds of CPU time
Starting meshing
Simulation size in gridpoints: 1 x 60 x 1
Refined 0 mesh cells (0%)
Completed meshing!
Meshing complete in 0 seconds of CPU time
number of processors is 28
processors are distributed as: 7x4x1
Running 2D Simulation
Starting meshing
Simulation size in gridpoints: 64 x 37 x 1
Refined 0 mesh cells (0%)
Completed meshing!
Meshing complete in 0 seconds of CPU time
0 0
Starting meshing
Simulation size in gridpoints: 64 x 37 x 1
Refined 0 mesh cells (0%)
Completed meshing!
Meshing complete in 0 seconds of CPU time
0 0
finished material properties
Selected kernel with optimization level: 2 and split-field propagation direction: 0
Starting meshing
Simulation size in gridpoints: 64 x 37 x 1
Refined 0 mesh cells (0%)
Completed meshing!
Meshing complete in 0 seconds of CPU time
0 0
Selected kernel with optimization level: 2 and split-field propagation direction: 0
-----------------------------------------
Beginning initialization of 2D FDTD Simulation
  Including TM Simulation
Starting to add sources to simulation

Adding Mode source propagating in X
Starting to add boundary conditions to simulation
Adding PML BC
Adding parallel BC
Adding PML BC
Adding parallel BC
Starting to add monitors to Simulation
Adding analysis monitor
Adding frequency monitor
Adding frequency monitor
Adding frequency monitor
Adding frequency monitor
Finished initialization of 2D Simulation
-----------------------------------------
All processes are communicating and ready to proceed to simulation...
Starting 11180 total iterations
0.429354% complete. Elapsed simulation time: 4.29354e-15 secs. Max time remaining: 4 secs. Auto Shutoff: 1
2.14677% complete. Elapsed simulation time: 2.14677e-14 secs. Max time remaining: 2 secs. Auto Shutoff: 1
4.43666% complete. Elapsed simulation time: 4.43666e-14 secs. Max time remaining: 1 secs. Auto Shutoff: 1
9.01643% complete. Elapsed simulation time: 9.01643e-14 secs. Max time remaining: 1 secs. Auto Shutoff: 1.0636
18.176% complete. Elapsed simulation time: 1.8176e-13 secs. Max time remaining: 1 secs. Auto Shutoff: 0.987517
22.9615% complete. Elapsed simulation time: 2.29615e-13 secs. Max time remaining: 1 secs. Auto Shutoff: 7.55346e-05
100% complete. Max time remaining: 0 mins, 0 secs. Auto Shutoff: 7.55346e-05
Early termination of simulation, the autoshutoff criteria are satisfied.
Completed 2567 iterations, or 2.296149e-13s of Simulation Time
Process 0 starting to collect data
    collecting TM monitor data
    collecting TE monitor data
    collecting TM source data
    collecting TE source data
Finished collecting data
Simulation completed successfully at: Thu Aug 7 11:34:36 2025
Overall wall time measurements in seconds: 4.84286
    time to mesh and initialize: 0.14148
    time to run FDTD simulation: 0.256483
    time to checkpoint simulation: 5e-07
    time to finalize data and save to files: 0.161913
    miscellaneous time: 4.28297
    FDTD solver speed on process 0: 23.7 Mnodes/s
    total FDTD solver speed on 28 processes: 663.601 Mnodes/s
