Ansys Lumerical 2022 R2.4 FDTD Solver Version 8.28.3216 (Windows 64bit)
 expires (month/day/year): Permanent
using config file: Ansys Licensing set with ANSYSLMD_LICENSE_FILE
license host: 1055@169.229.34.87
current time: Thu Aug 7 14:29:04 2025
Running on host: fermi
host available memory (GB): 246.413283
All processes are communicating and ready to proceed to simulation...
Running fsp file: C:\Program Files\Lumerical\v222\bin\fdtd-engine-msmpi.exe -t 1 -remote -hide -shared-solve-license QU5TWVNfTElDRU5TSU5HX0NPTlRFWFRfREFUQT08QU5TWVNfTElDRU5TSU5HX0NPTlRFWFRfREFUQT48SUQ+NDUzYzExZmEtOTNjMi00ZTMxLTlkODgtN2FkZmU3YjU0NmQ4PC9JRD48VFlQRT5BUFBfREVGSU5FRDwvVFlQRT48TkFNRT5sdW1fc3RhbmRhcmRfc29sdmVfc2hhcmU8L05BTUU+PEhBTkRMRVI+NTg3NTZAZmVybWkuZWVjcy5iZXJrZWxleS5lZHU8L0hBTkRMRVI+PC9BTlNZU19MSUNFTlNJTkdfQ09OVEVYVF9EQVRBPgo= F:/Neekon/grating_coupler_example/gc_pitch_sweep/pitch_sweep_1.fsp
Starting meshing
Simulation size in gridpoints: 1 x 46 x 1
Refined 0 mesh cells (0%)
Completed meshing!
Meshing complete in 0 seconds of CPU time
Starting meshing
Simulation size in gridpoints: 1 x 46 x 1
Refined 0 mesh cells (0%)
Completed meshing!
Meshing complete in 0 seconds of CPU time
Starting meshing
Simulation size in gridpoints: 1 x 46 x 1
Refined 0 mesh cells (0%)
Completed meshing!
Meshing complete in 0 seconds of CPU time
number of processors is 28
processors are distributed as: 7x4x1
Running 2D Simulation
Starting meshing
Simulation size in gridpoints: 53 x 33 x 1
Refined 0 mesh cells (0%)
Completed meshing!
Meshing complete in 0 seconds of CPU time
0 0
Starting meshing
Simulation size in gridpoints: 53 x 33 x 1
Refined 0 mesh cells (0%)
Completed meshing!
Meshing complete in 0 seconds of CPU time
0 0
finished material properties
Selected kernel with optimization level: 2 and split-field propagation direction: 0
Starting meshing
Simulation size in gridpoints: 53 x 33 x 1
Refined 0 mesh cells (0%)
Completed meshing!
Meshing complete in 0 seconds of CPU time
0 0
Selected kernel with optimization level: 2 and split-field propagation direction: 0
-----------------------------------------
Beginning initialization of 2D FDTD Simulation
  Including TM Simulation
Starting to add sources to simulation

Adding Mode source propagating in X
Starting to add boundary conditions to simulation
Adding PML BC
Adding parallel BC
Adding PML BC
Adding parallel BC
Starting to add monitors to Simulation
Adding analysis monitor
Adding frequency monitor
Adding frequency monitor
Adding frequency monitor
Adding frequency monitor
Finished initialization of 2D Simulation
-----------------------------------------
All processes are communicating and ready to proceed to simulation...
Starting 11187 total iterations
0.42908% complete. Elapsed simulation time: 4.2908e-15 secs. Max time remaining: 4 secs. Auto Shutoff: 1
2.1454% complete. Elapsed simulation time: 2.1454e-14 secs. Max time remaining: 2 secs. Auto Shutoff: 1
4.43383% complete. Elapsed simulation time: 4.43383e-14 secs. Max time remaining: 1 secs. Auto Shutoff: 1
9.01068% complete. Elapsed simulation time: 9.01068e-14 secs. Max time remaining: 1 secs. Auto Shutoff: 1.45885
18.1644% complete. Elapsed simulation time: 1.81644e-13 secs. Max time remaining: 1 secs. Auto Shutoff: 0.11197
36.4718% complete. Elapsed simulation time: 3.64718e-13 secs. Max time remaining: 1 secs. Auto Shutoff: 0.00014533
100% complete. Max time remaining: 0 mins, 0 secs. Auto Shutoff: 8.85025e-05
Early termination of simulation, the autoshutoff criteria are satisfied.
Completed 4183 iterations, or 3.739255e-13s of Simulation Time
Process 0 starting to collect data
    collecting TM monitor data
    collecting TE monitor data
    collecting TM source data
    collecting TE source data
Finished collecting data
Simulation completed successfully at: Thu Aug 7 14:29:05 2025
Overall wall time measurements in seconds: 4.95951
    time to mesh and initialize: 0.139467
    time to run FDTD simulation: 0.447584
    time to checkpoint simulation: 5e-07
    time to finalize data and save to files: 0.0910444
    miscellaneous time: 4.28139
    FDTD solver speed on process 0: 16.3457 Mnodes/s
    total FDTD solver speed on 28 processes: 457.679 Mnodes/s
